14:49:51 **** Auto Build of configuration Debug for project task_management ****
make pre-build main-build 
a9-linaro-pre-build-step
' '
'Building file: ../src/freertos_task_management.c'
'Invoking: ARM v7 gcc compiler'
arm-none-eabi-gcc -Wall -O2 -g3 -c -fmessage-length=0 -MT"src/freertos_task_management.o" -mcpu=cortex-a9 -mfpu=vfpv3 -mfloat-abi=hard -I../../task_management_bsp/ps7_cortexa9_0/include -MMD -MP -MF"src/freertos_task_management.d" -MT"src/freertos_task_management.o" -o "src/freertos_task_management.o" "../src/freertos_task_management.c"
'Finished building: ../src/freertos_task_management.c'
' '
'Building target: task_management.elf'
'Invoking: ARM v7 gcc linker'
arm-none-eabi-gcc -mcpu=cortex-a9 -mfpu=vfpv3 -mfloat-abi=hard -Wl,-build-id=none -specs=Xilinx.spec -Wl,-T -Wl,../src/lscript.ld -L../../task_management_bsp/ps7_cortexa9_0/lib -o "task_management.elf"  ./src/freertos_task_management.o   -Wl,--start-group,-lxil,-lfreertos,-lgcc,-lc,--end-group
'Finished building target: task_management.elf'
' '
'Invoking: ARM v7 Print Size'
arm-none-eabi-size task_management.elf  |tee "task_management.elf.size"
   text	   data	    bss	    dec	    hex	filename
  90300	   3396	  89456	 183152	  2cb70	task_management.elf
'Finished building: task_management.elf.size'
' '

14:49:51 Build Finished (took 655ms)

