#-----------------------------------------------------------
# Webtalk v2018.3 (64-bit)
# SW Build 2405991 on Thu Dec  6 23:38:27 MST 2018
# 
# Start of session at: Thu Mar 21 21:42:01 2019
# Process ID: 6692
# Current directory: C:/Zynq_Book/introToRTOS/introToRTOS.sdk/webtalk
# Command line: wbtcv.exe -mode batch -source sdk_webtalk.tcl
# Log file: C:/Zynq_Book/introToRTOS/introToRTOS.sdk/webtalk/webtalk.log
# Journal file: C:/Zynq_Book/introToRTOS/introToRTOS.sdk/webtalk\webtalk.jou
#-----------------------------------------------------------
source sdk_webtalk.tcl
# webtalk_init -webtalk_dir C:\\Zynq_Book\\introToRTOS\\introToRTOS.sdk\\webtalk
# webtalk_register_client -client project
# webtalk_add_data -client project -key date_generated -value "2019-03-21 21:42:00" -context "software_version_and_target_device"
# webtalk_add_data -client project -key product_version -value "SDK v2018.3" -context "software_version_and_target_device"
# webtalk_add_data -client project -key build_version -value "2018.3" -context "software_version_and_target_device"
# webtalk_add_data -client project -key os_platform -value "amd64" -context "software_version_and_target_device"
# webtalk_add_data -client project -key registration_id -value "" -context "software_version_and_target_device"
# webtalk_add_data -client project -key tool_flow -value "SDK" -context "software_version_and_target_device"
# webtalk_add_data -client project -key beta -value "false" -context "software_version_and_target_device"
# webtalk_add_data -client project -key route_design -value "NA" -context "software_version_and_target_device"
# webtalk_add_data -client project -key target_family -value "NA" -context "software_version_and_target_device"
# webtalk_add_data -client project -key target_device -value "NA" -context "software_version_and_target_device"
# webtalk_add_data -client project -key target_package -value "NA" -context "software_version_and_target_device"
# webtalk_add_data -client project -key target_speed -value "NA" -context "software_version_and_target_device"
# webtalk_add_data -client project -key random_id -value "g4hpo6t1ceu93b1ea5qhgdit7e" -context "software_version_and_target_device"
# webtalk_add_data -client project -key project_id -value "2018.3_9" -context "software_version_and_target_device"
# webtalk_add_data -client project -key project_iteration -value "9" -context "software_version_and_target_device"
# webtalk_add_data -client project -key os_name -value "Microsoft Windows 8 or later , 64-bit" -context "user_environment"
# webtalk_add_data -client project -key os_release -value "major release  (build 9200)" -context "user_environment"
# webtalk_add_data -client project -key cpu_name -value "Intel(R) Core(TM) i7-8750H CPU @ 2.20GHz" -context "user_environment"
# webtalk_add_data -client project -key cpu_speed -value "2208 MHz" -context "user_environment"
# webtalk_add_data -client project -key total_processors -value "1" -context "user_environment"
# webtalk_add_data -client project -key system_ram -value "6.821 GB" -context "user_environment"
# webtalk_register_client -client sdk
# webtalk_add_data -client sdk -key uid -value "1553196451930" -context "sdk\\\\bsp/1553196451930"
# webtalk_add_data -client sdk -key hwid -value "1553019164544" -context "sdk\\\\bsp/1553196451930"
# webtalk_add_data -client sdk -key os -value "freertos10_xilinx" -context "sdk\\\\bsp/1553196451930"
# webtalk_add_data -client sdk -key apptemplate -value "freertos_hello_world" -context "sdk\\\\bsp/1553196451930"
# webtalk_add_data -client sdk -key RecordType -value "BSPCreation" -context "sdk\\\\bsp/1553196451930"
# webtalk_add_data -client sdk -key uid -value "1553196458045" -context "sdk\\\\application/1553196458045"
# webtalk_add_data -client sdk -key hwid -value "1553019164544" -context "sdk\\\\application/1553196458045"
# webtalk_add_data -client sdk -key bspid -value "1553196451930" -context "sdk\\\\application/1553196458045"
# webtalk_add_data -client sdk -key newbsp -value "true" -context "sdk\\\\application/1553196458045"
# webtalk_add_data -client sdk -key os -value "freertos10_xilinx" -context "sdk\\\\application/1553196458045"
# webtalk_add_data -client sdk -key apptemplate -value "freertos_hello_world" -context "sdk\\\\application/1553196458045"
# webtalk_add_data -client sdk -key RecordType -value "APPCreation" -context "sdk\\\\application/1553196458045"
# webtalk_add_data -client sdk -key LangUsed -value "C" -context "sdk\\\\application/1553196458045"
# webtalk_add_data -client sdk -key Procused -value "ps7_cortexa9" -context "sdk\\\\application/1553196458045"
# webtalk_add_data -client sdk -key uid -value "NA" -context "sdk\\\\bsp/1553218920695"
# webtalk_add_data -client sdk -key RecordType -value "ToolUsage" -context "sdk\\\\bsp/1553218920695"
# webtalk_add_data -client sdk -key BootgenCount -value "0" -context "sdk\\\\bsp/1553218920695"
# webtalk_add_data -client sdk -key DebugCount -value "0" -context "sdk\\\\bsp/1553218920695"
# webtalk_add_data -client sdk -key PerfCount -value "0" -context "sdk\\\\bsp/1553218920695"
# webtalk_add_data -client sdk -key FlashCount -value "0" -context "sdk\\\\bsp/1553218920695"
# webtalk_add_data -client sdk -key CrossTriggCount -value "0" -context "sdk\\\\bsp/1553218920695"
# webtalk_add_data -client sdk -key QemuDebugCount -value "0" -context "sdk\\\\bsp/1553218920695"
# webtalk_transmit -clientid 3194435827 -regid "" -xml C:\\Zynq_Book\\introToRTOS\\introToRTOS.sdk\\webtalk\\usage_statistics_ext_sdk.xml -html C:\\Zynq_Book\\introToRTOS\\introToRTOS.sdk\\webtalk\\usage_statistics_ext_sdk.html -wdm C:\\Zynq_Book\\introToRTOS\\introToRTOS.sdk\\webtalk\\sdk_webtalk.wdm -intro "<H3>SDK Usage Report</H3><BR>"
# webtalk_terminate
INFO: [Common 17-206] Exiting Webtalk at Thu Mar 21 21:42:05 2019...
