15:22:43 INFO  : Registering command handlers for SDK TCF services
15:22:44 INFO  : Launching XSCT server: xsct.bat -interactive C:\Zynq_Book\zynq_interrupts\zynq_interrupts.sdk\temp_xsdb_launch_script.tcl
15:22:46 INFO  : XSCT server has started successfully.
15:22:46 INFO  : Successfully done setting XSCT server connection channel  
15:22:46 INFO  : Processing command line option -hwspec C:/Zynq_Book/zynq_interrupts/zynq_interrupts.sdk/zynq_interrupt_system_wrapper.hdf.
15:22:46 INFO  : Successfully done setting SDK workspace  
11:20:42 INFO  : Registering command handlers for SDK TCF services
11:20:43 INFO  : Launching XSCT server: xsct.bat -interactive C:\Zynq_Book\zynq_interrupts\zynq_interrupts.sdk\temp_xsdb_launch_script.tcl
11:20:45 INFO  : XSCT server has started successfully.
11:20:45 INFO  : Processing command line option -hwspec C:/Zynq_Book/zynq_interrupts/zynq_interrupts.sdk/zynq_interrupt_system_wrapper.hdf.
11:20:45 INFO  : Checking for hwspec changes in the project zynq_interrupt_system_wrapper_hw_platform_0.
11:20:45 INFO  : Successfully done setting XSCT server connection channel  
11:20:45 INFO  : Successfully done setting SDK workspace  
11:20:51 INFO  : Connected to target on host '127.0.0.1' and port '3121'.
11:20:53 INFO  : 'targets -set -filter {jtag_cable_name =~ "Digilent Zybo 210279A6A4FAA" && level==0} -index 1' command is executed.
11:20:55 INFO  : FPGA configured successfully with bitstream "C:/Zynq_Book/zynq_interrupts/zynq_interrupts.sdk/zynq_interrupt_system_wrapper_hw_platform_0/zynq_interrupt_system_wrapper.bit"
11:21:00 INFO  : 'targets -set -filter {jtag_cable_name =~ "Digilent Zybo 210279A6A4FAA" && level==0} -index 1' command is executed.
11:21:00 INFO  : 'fpga -state' command is executed.
11:21:00 INFO  : Connected to target on host '127.0.0.1' and port '3121'.
11:21:00 INFO  : Jtag cable 'Digilent Zybo 210279A6A4FAA' is selected.
11:21:00 INFO  : 'jtag frequency' command is executed.
11:21:00 INFO  : Sourcing of 'C:/Zynq_Book/zynq_interrupts/zynq_interrupts.sdk/zynq_interrupt_system_wrapper_hw_platform_0/ps7_init.tcl' is done.
11:21:01 INFO  : Context for 'APU' is selected.
11:21:01 INFO  : Hardware design information is loaded from 'C:/Zynq_Book/zynq_interrupts/zynq_interrupts.sdk/zynq_interrupt_system_wrapper_hw_platform_0/system.hdf'.
11:21:01 INFO  : 'configparams force-mem-access 1' command is executed.
11:21:01 INFO  : Context for 'APU' is selected.
11:21:02 INFO  : 'stop' command is executed.
11:21:02 INFO  : 'ps7_init' command is executed.
11:21:02 INFO  : 'ps7_post_config' command is executed.
11:21:02 INFO  : Context for processor 'ps7_cortexa9_0' is selected.
11:21:03 INFO  : Processor reset is completed for 'ps7_cortexa9_0'.
11:21:03 INFO  : Context for processor 'ps7_cortexa9_0' is selected.
11:21:03 INFO  : The application 'C:/Zynq_Book/zynq_interrupts/zynq_interrupts.sdk/interrupt_counter/Debug/interrupt_counter.elf' is downloaded to processor 'ps7_cortexa9_0'.
11:21:03 INFO  : 'configparams force-mem-access 0' command is executed.
11:21:03 INFO  : ----------------XSDB Script----------------
connect -url tcp:127.0.0.1:3121
source C:/Zynq_Book/zynq_interrupts/zynq_interrupts.sdk/zynq_interrupt_system_wrapper_hw_platform_0/ps7_init.tcl
targets -set -nocase -filter {name =~"APU*" && jtag_cable_name =~ "Digilent Zybo 210279A6A4FAA"} -index 0
loadhw -hw C:/Zynq_Book/zynq_interrupts/zynq_interrupts.sdk/zynq_interrupt_system_wrapper_hw_platform_0/system.hdf -mem-ranges [list {0x40000000 0xbfffffff}]
configparams force-mem-access 1
targets -set -nocase -filter {name =~"APU*" && jtag_cable_name =~ "Digilent Zybo 210279A6A4FAA"} -index 0
stop
ps7_init
ps7_post_config
targets -set -nocase -filter {name =~ "ARM*#0" && jtag_cable_name =~ "Digilent Zybo 210279A6A4FAA"} -index 0
rst -processor
targets -set -nocase -filter {name =~ "ARM*#0" && jtag_cable_name =~ "Digilent Zybo 210279A6A4FAA"} -index 0
dow C:/Zynq_Book/zynq_interrupts/zynq_interrupts.sdk/interrupt_counter/Debug/interrupt_counter.elf
configparams force-mem-access 0
----------------End of Script----------------

11:21:03 INFO  : Context for processor 'ps7_cortexa9_0' is selected.
11:21:03 INFO  : 'con' command is executed.
11:21:03 INFO  : ----------------XSDB Script (After Launch)----------------
targets -set -nocase -filter {name =~ "ARM*#0" && jtag_cable_name =~ "Digilent Zybo 210279A6A4FAA"} -index 0
con
----------------End of Script----------------

11:21:03 INFO  : Disconnected from the channel tcfchan#1.
11:55:49 INFO  : Registering command handlers for SDK TCF services
11:55:49 INFO  : Launching XSCT server: xsct.bat -interactive C:\Zynq_Book\zynq_interrupts\zynq_interrupts.sdk\temp_xsdb_launch_script.tcl
11:55:52 INFO  : XSCT server has started successfully.
11:55:55 INFO  : Successfully done setting XSCT server connection channel  
11:55:55 INFO  : Processing command line option -hwspec C:/Zynq_Book/zynq_interrupts/zynq_interrupts.sdk/zynq_interrupt_system_wrapper.hdf.
11:55:55 INFO  : Checking for hwspec changes in the project zynq_interrupt_system_wrapper_hw_platform_0.
11:55:55 INFO  : Successfully done setting SDK workspace  
11:56:01 INFO  : SDK has detected change in the last modified timestamps for source hardware specification file Source:1549558500759,  Project:1549483857659
11:56:01 INFO  : The hardware specification for project 'zynq_interrupt_system_wrapper_hw_platform_0' is different from C:/Zynq_Book/zynq_interrupts/zynq_interrupts.sdk/zynq_interrupt_system_wrapper.hdf.
11:56:01 INFO  : Copied contents of C:/Zynq_Book/zynq_interrupts/zynq_interrupts.sdk/zynq_interrupt_system_wrapper.hdf into \zynq_interrupt_system_wrapper_hw_platform_0\system.hdf.
11:56:30 INFO  : Synchronizing projects in the workspace with the hardware platform specification changes.
11:56:35 INFO  : 
11:56:36 INFO  : Updating hardware inferred compiler options for interrupt_counter.
11:56:36 INFO  : Clearing existing target manager status.
11:57:29 INFO  : Connected to target on host '127.0.0.1' and port '3121'.
11:57:32 INFO  : 'targets -set -filter {jtag_cable_name =~ "Digilent Zybo 210279A6A4FAA" && level==0} -index 1' command is executed.
11:57:33 INFO  : FPGA configured successfully with bitstream "C:/Zynq_Book/zynq_interrupts/zynq_interrupts.sdk/zynq_interrupt_system_wrapper_hw_platform_0/zynq_interrupt_system_wrapper.bit"
11:59:23 INFO  : 'targets -set -filter {jtag_cable_name =~ "Digilent Zybo 210279A6A4FAA" && level==0} -index 1' command is executed.
11:59:23 INFO  : 'fpga -state' command is executed.
11:59:23 INFO  : Connected to target on host '127.0.0.1' and port '3121'.
11:59:24 INFO  : Jtag cable 'Digilent Zybo 210279A6A4FAA' is selected.
11:59:24 INFO  : 'jtag frequency' command is executed.
11:59:24 INFO  : Sourcing of 'C:/Zynq_Book/zynq_interrupts/zynq_interrupts.sdk/zynq_interrupt_system_wrapper_hw_platform_0/ps7_init.tcl' is done.
11:59:24 INFO  : Context for 'APU' is selected.
11:59:24 INFO  : Hardware design information is loaded from 'C:/Zynq_Book/zynq_interrupts/zynq_interrupts.sdk/zynq_interrupt_system_wrapper_hw_platform_0/system.hdf'.
11:59:24 INFO  : 'configparams force-mem-access 1' command is executed.
11:59:24 INFO  : Context for 'APU' is selected.
11:59:24 INFO  : 'stop' command is executed.
11:59:25 INFO  : 'ps7_init' command is executed.
11:59:25 INFO  : 'ps7_post_config' command is executed.
11:59:25 INFO  : Context for processor 'ps7_cortexa9_0' is selected.
11:59:25 INFO  : Processor reset is completed for 'ps7_cortexa9_0'.
11:59:25 INFO  : Context for processor 'ps7_cortexa9_0' is selected.
11:59:25 INFO  : The application 'C:/Zynq_Book/zynq_interrupts/zynq_interrupts.sdk/interrupt_counter/Debug/interrupt_counter.elf' is downloaded to processor 'ps7_cortexa9_0'.
11:59:25 INFO  : 'configparams force-mem-access 0' command is executed.
11:59:25 INFO  : ----------------XSDB Script----------------
connect -url tcp:127.0.0.1:3121
source C:/Zynq_Book/zynq_interrupts/zynq_interrupts.sdk/zynq_interrupt_system_wrapper_hw_platform_0/ps7_init.tcl
targets -set -nocase -filter {name =~"APU*" && jtag_cable_name =~ "Digilent Zybo 210279A6A4FAA"} -index 0
loadhw -hw C:/Zynq_Book/zynq_interrupts/zynq_interrupts.sdk/zynq_interrupt_system_wrapper_hw_platform_0/system.hdf -mem-ranges [list {0x40000000 0xbfffffff}]
configparams force-mem-access 1
targets -set -nocase -filter {name =~"APU*" && jtag_cable_name =~ "Digilent Zybo 210279A6A4FAA"} -index 0
stop
ps7_init
ps7_post_config
targets -set -nocase -filter {name =~ "ARM*#0" && jtag_cable_name =~ "Digilent Zybo 210279A6A4FAA"} -index 0
rst -processor
targets -set -nocase -filter {name =~ "ARM*#0" && jtag_cable_name =~ "Digilent Zybo 210279A6A4FAA"} -index 0
dow C:/Zynq_Book/zynq_interrupts/zynq_interrupts.sdk/interrupt_counter/Debug/interrupt_counter.elf
configparams force-mem-access 0
----------------End of Script----------------

11:59:25 INFO  : Context for processor 'ps7_cortexa9_0' is selected.
11:59:25 INFO  : 'con' command is executed.
11:59:25 INFO  : ----------------XSDB Script (After Launch)----------------
targets -set -nocase -filter {name =~ "ARM*#0" && jtag_cable_name =~ "Digilent Zybo 210279A6A4FAA"} -index 0
con
----------------End of Script----------------

11:59:25 INFO  : Disconnected from the channel tcfchan#1.
12:24:33 INFO  : Connected to target on host '127.0.0.1' and port '3121'.
12:24:35 INFO  : 'targets -set -filter {jtag_cable_name =~ "Digilent Zybo 210279A6A4FAA" && level==0} -index 1' command is executed.
12:24:36 INFO  : FPGA configured successfully with bitstream "C:/Zynq_Book/zynq_interrupts/zynq_interrupts.sdk/zynq_interrupt_system_wrapper_hw_platform_0/zynq_interrupt_system_wrapper.bit"
12:24:45 INFO  : 'targets -set -filter {jtag_cable_name =~ "Digilent Zybo 210279A6A4FAA" && level==0} -index 1' command is executed.
12:24:45 INFO  : 'fpga -state' command is executed.
12:24:45 INFO  : Connected to target on host '127.0.0.1' and port '3121'.
12:24:46 INFO  : Jtag cable 'Digilent Zybo 210279A6A4FAA' is selected.
12:24:46 INFO  : 'jtag frequency' command is executed.
12:24:46 INFO  : Sourcing of 'C:/Zynq_Book/zynq_interrupts/zynq_interrupts.sdk/zynq_interrupt_system_wrapper_hw_platform_0/ps7_init.tcl' is done.
12:24:46 INFO  : Context for 'APU' is selected.
12:24:46 INFO  : Hardware design information is loaded from 'C:/Zynq_Book/zynq_interrupts/zynq_interrupts.sdk/zynq_interrupt_system_wrapper_hw_platform_0/system.hdf'.
12:24:46 INFO  : 'configparams force-mem-access 1' command is executed.
12:24:46 INFO  : Context for 'APU' is selected.
12:24:46 INFO  : 'stop' command is executed.
12:24:47 INFO  : 'ps7_init' command is executed.
12:24:47 INFO  : 'ps7_post_config' command is executed.
12:24:47 INFO  : Context for processor 'ps7_cortexa9_0' is selected.
12:24:47 INFO  : Processor reset is completed for 'ps7_cortexa9_0'.
12:24:47 INFO  : Context for processor 'ps7_cortexa9_0' is selected.
12:24:47 INFO  : The application 'C:/Zynq_Book/zynq_interrupts/zynq_interrupts.sdk/interrupt_counter/Debug/interrupt_counter.elf' is downloaded to processor 'ps7_cortexa9_0'.
12:24:47 INFO  : 'configparams force-mem-access 0' command is executed.
12:24:47 INFO  : ----------------XSDB Script----------------
connect -url tcp:127.0.0.1:3121
source C:/Zynq_Book/zynq_interrupts/zynq_interrupts.sdk/zynq_interrupt_system_wrapper_hw_platform_0/ps7_init.tcl
targets -set -nocase -filter {name =~"APU*" && jtag_cable_name =~ "Digilent Zybo 210279A6A4FAA"} -index 0
loadhw -hw C:/Zynq_Book/zynq_interrupts/zynq_interrupts.sdk/zynq_interrupt_system_wrapper_hw_platform_0/system.hdf -mem-ranges [list {0x40000000 0xbfffffff}]
configparams force-mem-access 1
targets -set -nocase -filter {name =~"APU*" && jtag_cable_name =~ "Digilent Zybo 210279A6A4FAA"} -index 0
stop
ps7_init
ps7_post_config
targets -set -nocase -filter {name =~ "ARM*#0" && jtag_cable_name =~ "Digilent Zybo 210279A6A4FAA"} -index 0
rst -processor
targets -set -nocase -filter {name =~ "ARM*#0" && jtag_cable_name =~ "Digilent Zybo 210279A6A4FAA"} -index 0
dow C:/Zynq_Book/zynq_interrupts/zynq_interrupts.sdk/interrupt_counter/Debug/interrupt_counter.elf
configparams force-mem-access 0
----------------End of Script----------------

12:24:47 INFO  : Context for processor 'ps7_cortexa9_0' is selected.
12:24:47 INFO  : 'con' command is executed.
12:24:47 INFO  : ----------------XSDB Script (After Launch)----------------
targets -set -nocase -filter {name =~ "ARM*#0" && jtag_cable_name =~ "Digilent Zybo 210279A6A4FAA"} -index 0
con
----------------End of Script----------------

12:24:47 INFO  : Disconnected from the channel tcfchan#2.
21:09:36 INFO  : Registering command handlers for SDK TCF services
21:09:37 INFO  : Launching XSCT server: xsct.bat -interactive C:\Zynq_Book\zynq_interrupts\zynq_interrupts.sdk\temp_xsdb_launch_script.tcl
21:09:41 INFO  : XSCT server has started successfully.
21:09:43 INFO  : Successfully done setting XSCT server connection channel  
21:09:43 INFO  : Processing command line option -hwspec C:/Zynq_Book/zynq_interrupts/zynq_interrupts.sdk/zynq_interrupt_system_wrapper.hdf.
21:09:43 INFO  : Checking for hwspec changes in the project zynq_interrupt_system_wrapper_hw_platform_0.
21:09:43 INFO  : Successfully done setting SDK workspace  
22:08:21 INFO  : Registering command handlers for SDK TCF services
22:08:22 INFO  : Launching XSCT server: xsct.bat -interactive C:\Zynq_Book\zynq_interrupts\zynq_interrupts.sdk\temp_xsdb_launch_script.tcl
22:08:26 INFO  : XSCT server has started successfully.
22:08:28 INFO  : Successfully done setting XSCT server connection channel  
22:08:28 INFO  : Processing command line option -hwspec C:/Zynq_Book/zynq_interrupts/zynq_interrupts.sdk/zynq_interrupt_system_wrapper.hdf.
22:08:28 INFO  : Checking for hwspec changes in the project zynq_interrupt_system_wrapper_hw_platform_0.
22:08:28 INFO  : Successfully done setting SDK workspace  
22:08:32 INFO  : SDK has detected change in the last modified timestamps for source hardware specification file Source:1549854173216,  Project:1549558500759
22:08:32 INFO  : The hardware specification for project 'zynq_interrupt_system_wrapper_hw_platform_0' is different from C:/Zynq_Book/zynq_interrupts/zynq_interrupts.sdk/zynq_interrupt_system_wrapper.hdf.
22:08:32 INFO  : Copied contents of C:/Zynq_Book/zynq_interrupts/zynq_interrupts.sdk/zynq_interrupt_system_wrapper.hdf into \zynq_interrupt_system_wrapper_hw_platform_0\system.hdf.
22:08:35 INFO  : Synchronizing projects in the workspace with the hardware platform specification changes.
22:08:41 INFO  : 
22:08:41 INFO  : Updating hardware inferred compiler options for interrupt_counter.
22:08:41 INFO  : Clearing existing target manager status.
19:18:01 INFO  : Registering command handlers for SDK TCF services
19:18:02 INFO  : Launching XSCT server: xsct.bat -interactive C:\Zynq_Book\zynq_interrupts\zynq_interrupts.sdk\temp_xsdb_launch_script.tcl
19:18:04 INFO  : XSCT server has started successfully.
19:18:04 INFO  : Successfully done setting XSCT server connection channel  
19:18:05 INFO  : Processing command line option -hwspec C:/Zynq_Book/zynq_interrupts/zynq_interrupts.sdk/zynq_interrupt_system_wrapper.hdf.
19:18:05 INFO  : Successfully done setting SDK workspace  
19:18:05 INFO  : Checking for hwspec changes in the project zynq_interrupt_system_wrapper_hw_platform_0.
19:18:07 INFO  : SDK has detected change in the last modified timestamps for source hardware specification file Source:1549925422517,  Project:1549854173216
19:18:07 INFO  : The hardware specification for project 'zynq_interrupt_system_wrapper_hw_platform_0' is different from C:/Zynq_Book/zynq_interrupts/zynq_interrupts.sdk/zynq_interrupt_system_wrapper.hdf.
19:19:16 INFO  : Copied contents of C:/Zynq_Book/zynq_interrupts/zynq_interrupts.sdk/zynq_interrupt_system_wrapper.hdf into \zynq_interrupt_system_wrapper_hw_platform_0\system.hdf.
19:19:31 INFO  : Synchronizing projects in the workspace with the hardware platform specification changes.
19:19:35 INFO  : 
19:19:36 INFO  : Updating hardware inferred compiler options for interrupt_counter.
19:19:36 INFO  : Clearing existing target manager status.
