Copyright 1986-2018 Xilinx, Inc. All Rights Reserved.
--------------------------------------------------------------------------------------------------------------------------------------------------------------------------------------
| Tool Version : Vivado v.2018.3 (win64) Build 2405991 Thu Dec  6 23:38:27 MST 2018
| Date         : Fri Feb  1 16:27:24 2019
| Host         : BBLOUIN834C running 64-bit major release  (build 9200)
| Command      : report_methodology -file design_1_wrapper_methodology_drc_routed.rpt -pb design_1_wrapper_methodology_drc_routed.pb -rpx design_1_wrapper_methodology_drc_routed.rpx
| Design       : design_1_wrapper
| Device       : xc7z010clg400-1
| Speed File   : -1
| Design State : Fully Routed
--------------------------------------------------------------------------------------------------------------------------------------------------------------------------------------

Report Methodology

Table of Contents
-----------------
1. REPORT SUMMARY
2. REPORT DETAILS

1. REPORT SUMMARY
-----------------
            Netlist: netlist
          Floorplan: design_1
      Design limits: <entire design considered>
             Max violations: <unlimited>
             Violations found: 12
+-----------+----------+-------------------------------+------------+
| Rule      | Severity | Description                   | Violations |
+-----------+----------+-------------------------------+------------+
| TIMING-18 | Warning  | Missing input or output delay | 12         |
+-----------+----------+-------------------------------+------------+

2. REPORT DETAILS
-----------------
TIMING-18#1 Warning
Missing input or output delay  
An input delay is missing on je_pin1_io relative to clock(s) clk_fpga_1
Related violations: <none>

TIMING-18#2 Warning
Missing input or output delay  
An input delay is missing on je_pin2_io relative to clock(s) clk_fpga_1
Related violations: <none>

TIMING-18#3 Warning
Missing input or output delay  
An input delay is missing on je_pin3_io relative to clock(s) clk_fpga_1
Related violations: <none>

TIMING-18#4 Warning
Missing input or output delay  
An input delay is missing on je_pin4_io relative to clock(s) clk_fpga_1
Related violations: <none>

TIMING-18#5 Warning
Missing input or output delay  
An input delay is missing on leds_4bits_tri_io[0] relative to clock(s) clk_fpga_0
Related violations: <none>

TIMING-18#6 Warning
Missing input or output delay  
An input delay is missing on leds_4bits_tri_io[1] relative to clock(s) clk_fpga_0
Related violations: <none>

TIMING-18#7 Warning
Missing input or output delay  
An input delay is missing on leds_4bits_tri_io[2] relative to clock(s) clk_fpga_0
Related violations: <none>

TIMING-18#8 Warning
Missing input or output delay  
An input delay is missing on leds_4bits_tri_io[3] relative to clock(s) clk_fpga_0
Related violations: <none>

TIMING-18#9 Warning
Missing input or output delay  
An input delay is missing on sws_4bits_tri_i[0] relative to clock(s) clk_fpga_0
Related violations: <none>

TIMING-18#10 Warning
Missing input or output delay  
An input delay is missing on sws_4bits_tri_i[1] relative to clock(s) clk_fpga_0
Related violations: <none>

TIMING-18#11 Warning
Missing input or output delay  
An input delay is missing on sws_4bits_tri_i[2] relative to clock(s) clk_fpga_0
Related violations: <none>

TIMING-18#12 Warning
Missing input or output delay  
An input delay is missing on sws_4bits_tri_i[3] relative to clock(s) clk_fpga_0
Related violations: <none>


