15:11:23 **** Auto Build of project bb_PmodAD1_bsp ****
make -k all 
'\\MAC\Home\Documents\GitHub\Embedded-System-Design-Sp19\bb_PmodAD1\bb_PmodAD1.sdk\bb_PmodAD1_bsp'
CMD.EXE was started with the above path as the current directory.
UNC paths are not supported.  Defaulting to Windows directory.
"Running Make include in ps7_cortexa9_0/libsrc/uartps_v3_7/src"
make -C ps7_cortexa9_0/libsrc/uartps_v3_7/src -s include  "SHELL=CMD" "COMPILER=arm-none-eabi-gcc" "ARCHIVER=arm-none-eabi-ar" "COMPILER_FLAGS=  -O2 -c" "EXTRA_COMPILER_FLAGS=-mcpu=cortex-a9 -mfpu=vfpv3 -mfloat-abi=hard -nostartfiles -g -Wall -Wextra"
'\\MAC\Home\Documents\GitHub\Embedded-System-Design-Sp19\bb_PmodAD1\bb_PmodAD1.sdk\bb_PmodAD1_bsp'
CMD.EXE was started with the above path as the current directory.
UNC paths are not supported.  Defaulting to Windows directory.
"Running Make include in ps7_cortexa9_0/libsrc/PmodAD1_v1_0/src"
make -C ps7_cortexa9_0/libsrc/PmodAD1_v1_0/src -s include  "SHELL=CMD" "COMPILER=arm-none-eabi-gcc" "ARCHIVER=arm-none-eabi-ar" "COMPILER_FLAGS=  -O2 -c" "EXTRA_COMPILER_FLAGS=-mcpu=cortex-a9 -mfpu=vfpv3 -mfloat-abi=hard -nostartfiles -g -Wall -Wextra"
'\\MAC\Home\Documents\GitHub\Embedded-System-Design-Sp19\bb_PmodAD1\bb_PmodAD1.sdk\bb_PmodAD1_bsp'
CMD.EXE was started with the above path as the current directory.
UNC paths are not supported.  Defaulting to Windows directory.
"Running Make include in ps7_cortexa9_0/libsrc/devcfg_v3_5/src"
make -C ps7_cortexa9_0/libsrc/devcfg_v3_5/src -s include  "SHELL=CMD" "COMPILER=arm-none-eabi-gcc" "ARCHIVER=arm-none-eabi-ar" "COMPILER_FLAGS=  -O2 -c" "EXTRA_COMPILER_FLAGS=-mcpu=cortex-a9 -mfpu=vfpv3 -mfloat-abi=hard -nostartfiles -g -Wall -Wextra"
'\\MAC\Home\Documents\GitHub\Embedded-System-Design-Sp19\bb_PmodAD1\bb_PmodAD1.sdk\bb_PmodAD1_bsp'
CMD.EXE was started with the above path as the current directory.
UNC paths are not supported.  Defaulting to Windows directory.
"Running Make include in ps7_cortexa9_0/libsrc/scugic_v3_10/src"
make -C ps7_cortexa9_0/libsrc/scugic_v3_10/src -s include  "SHELL=CMD" "COMPILER=arm-none-eabi-gcc" "ARCHIVER=arm-none-eabi-ar" "COMPILER_FLAGS=  -O2 -c" "EXTRA_COMPILER_FLAGS=-mcpu=cortex-a9 -mfpu=vfpv3 -mfloat-abi=hard -nostartfiles -g -Wall -Wextra"
'\\MAC\Home\Documents\GitHub\Embedded-System-Design-Sp19\bb_PmodAD1\bb_PmodAD1.sdk\bb_PmodAD1_bsp'
CMD.EXE was started with the above path as the current directory.
UNC paths are not supported.  Defaulting to Windows directory.
"Running Make include in ps7_cortexa9_0/libsrc/gpio_v4_3/src"
make -C ps7_cortexa9_0/libsrc/gpio_v4_3/src -s include  "SHELL=CMD" "COMPILER=arm-none-eabi-gcc" "ARCHIVER=arm-none-eabi-ar" "COMPILER_FLAGS=  -O2 -c" "EXTRA_COMPILER_FLAGS=-mcpu=cortex-a9 -mfpu=vfpv3 -mfloat-abi=hard -nostartfiles -g -Wall -Wextra"
'\\MAC\Home\Documents\GitHub\Embedded-System-Design-Sp19\bb_PmodAD1\bb_PmodAD1.sdk\bb_PmodAD1_bsp'
CMD.EXE was started with the above path as the current directory.
UNC paths are not supported.  Defaulting to Windows directory.
"Running Make include in ps7_cortexa9_0/libsrc/gpiops_v3_4/src"
make -C ps7_cortexa9_0/libsrc/gpiops_v3_4/src -s include  "SHELL=CMD" "COMPILER=arm-none-eabi-gcc" "ARCHIVER=arm-none-eabi-ar" "COMPILER_FLAGS=  -O2 -c" "EXTRA_COMPILER_FLAGS=-mcpu=cortex-a9 -mfpu=vfpv3 -mfloat-abi=hard -nostartfiles -g -Wall -Wextra"
'\\MAC\Home\Documents\GitHub\Embedded-System-Design-Sp19\bb_PmodAD1\bb_PmodAD1.sdk\bb_PmodAD1_bsp'
CMD.EXE was started with the above path as the current directory.
UNC paths are not supported.  Defaulting to Windows directory.
"Running Make include in ps7_cortexa9_0/libsrc/cpu_cortexa9_v2_7/src"
make -C ps7_cortexa9_0/libsrc/cpu_cortexa9_v2_7/src -s include  "SHELL=CMD" "COMPILER=arm-none-eabi-gcc" "ARCHIVER=arm-none-eabi-ar" "COMPILER_FLAGS=  -O2 -c" "EXTRA_COMPILER_FLAGS=-mcpu=cortex-a9 -mfpu=vfpv3 -mfloat-abi=hard -nostartfiles -g -Wall -Wextra"
'\\MAC\Home\Documents\GitHub\Embedded-System-Design-Sp19\bb_PmodAD1\bb_PmodAD1.sdk\bb_PmodAD1_bsp'
CMD.EXE was started with the above path as the current directory.
UNC paths are not supported.  Defaulting to Windows directory.
"Running Make include in ps7_cortexa9_0/libsrc/sdps_v3_6/src"
make -C ps7_cortexa9_0/libsrc/sdps_v3_6/src -s include  "SHELL=CMD" "COMPILER=arm-none-eabi-gcc" "ARCHIVER=arm-none-eabi-ar" "COMPILER_FLAGS=  -O2 -c" "EXTRA_COMPILER_FLAGS=-mcpu=cortex-a9 -mfpu=vfpv3 -mfloat-abi=hard -nostartfiles -g -Wall -Wextra"
'\\MAC\Home\Documents\GitHub\Embedded-System-Design-Sp19\bb_PmodAD1\bb_PmodAD1.sdk\bb_PmodAD1_bsp'
CMD.EXE was started with the above path as the current directory.
UNC paths are not supported.  Defaulting to Windows directory.
"Running Make include in ps7_cortexa9_0/libsrc/standalone_v6_8/src"
make -C ps7_cortexa9_0/libsrc/standalone_v6_8/src -s include  "SHELL=CMD" "COMPILER=arm-none-eabi-gcc" "ARCHIVER=arm-none-eabi-ar" "COMPILER_FLAGS=  -O2 -c" "EXTRA_COMPILER_FLAGS=-mcpu=cortex-a9 -mfpu=vfpv3 -mfloat-abi=hard -nostartfiles -g -Wall -Wextra"
'\\MAC\Home\Documents\GitHub\Embedded-System-Design-Sp19\bb_PmodAD1\bb_PmodAD1.sdk\bb_PmodAD1_bsp'
CMD.EXE was started with the above path as the current directory.
UNC paths are not supported.  Defaulting to Windows directory.
"Running Make include in ps7_cortexa9_0/libsrc/emacps_v3_8/src"
make -C ps7_cortexa9_0/libsrc/emacps_v3_8/src -s include  "SHELL=CMD" "COMPILER=arm-none-eabi-gcc" "ARCHIVER=arm-none-eabi-ar" "COMPILER_FLAGS=  -O2 -c" "EXTRA_COMPILER_FLAGS=-mcpu=cortex-a9 -mfpu=vfpv3 -mfloat-abi=hard -nostartfiles -g -Wall -Wextra"
'\\MAC\Home\Documents\GitHub\Embedded-System-Design-Sp19\bb_PmodAD1\bb_PmodAD1.sdk\bb_PmodAD1_bsp'
CMD.EXE was started with the above path as the current directory.
UNC paths are not supported.  Defaulting to Windows directory.
"Running Make include in ps7_cortexa9_0/libsrc/ttcps_v3_7/src"
make -C ps7_cortexa9_0/libsrc/ttcps_v3_7/src -s include  "SHELL=CMD" "COMPILER=arm-none-eabi-gcc" "ARCHIVER=arm-none-eabi-ar" "COMPILER_FLAGS=  -O2 -c" "EXTRA_COMPILER_FLAGS=-mcpu=cortex-a9 -mfpu=vfpv3 -mfloat-abi=hard -nostartfiles -g -Wall -Wextra"
'\\MAC\Home\Documents\GitHub\Embedded-System-Design-Sp19\bb_PmodAD1\bb_PmodAD1.sdk\bb_PmodAD1_bsp'
CMD.EXE was started with the above path as the current directory.
UNC paths are not supported.  Defaulting to Windows directory.
"Running Make include in ps7_cortexa9_0/libsrc/scuwdt_v2_1/src"
make -C ps7_cortexa9_0/libsrc/scuwdt_v2_1/src -s include  "SHELL=CMD" "COMPILER=arm-none-eabi-gcc" "ARCHIVER=arm-none-eabi-ar" "COMPILER_FLAGS=  -O2 -c" "EXTRA_COMPILER_FLAGS=-mcpu=cortex-a9 -mfpu=vfpv3 -mfloat-abi=hard -nostartfiles -g -Wall -Wextra"
'\\MAC\Home\Documents\GitHub\Embedded-System-Design-Sp19\bb_PmodAD1\bb_PmodAD1.sdk\bb_PmodAD1_bsp'
CMD.EXE was started with the above path as the current directory.
UNC paths are not supported.  Defaulting to Windows directory.
"Running Make include in ps7_cortexa9_0/libsrc/xadcps_v2_3/src"
make -C ps7_cortexa9_0/libsrc/xadcps_v2_3/src -s include  "SHELL=CMD" "COMPILER=arm-none-eabi-gcc" "ARCHIVER=arm-none-eabi-ar" "COMPILER_FLAGS=  -O2 -c" "EXTRA_COMPILER_FLAGS=-mcpu=cortex-a9 -mfpu=vfpv3 -mfloat-abi=hard -nostartfiles -g -Wall -Wextra"
'\\MAC\Home\Documents\GitHub\Embedded-System-Design-Sp19\bb_PmodAD1\bb_PmodAD1.sdk\bb_PmodAD1_bsp'
CMD.EXE was started with the above path as the current directory.
UNC paths are not supported.  Defaulting to Windows directory.
"Running Make include in ps7_cortexa9_0/libsrc/scutimer_v2_1/src"
make -C ps7_cortexa9_0/libsrc/scutimer_v2_1/src -s include  "SHELL=CMD" "COMPILER=arm-none-eabi-gcc" "ARCHIVER=arm-none-eabi-ar" "COMPILER_FLAGS=  -O2 -c" "EXTRA_COMPILER_FLAGS=-mcpu=cortex-a9 -mfpu=vfpv3 -mfloat-abi=hard -nostartfiles -g -Wall -Wextra"
'\\MAC\Home\Documents\GitHub\Embedded-System-Design-Sp19\bb_PmodAD1\bb_PmodAD1.sdk\bb_PmodAD1_bsp'
CMD.EXE was started with the above path as the current directory.
UNC paths are not supported.  Defaulting to Windows directory.
"Running Make include in ps7_cortexa9_0/libsrc/usbps_v2_4/src"
make -C ps7_cortexa9_0/libsrc/usbps_v2_4/src -s include  "SHELL=CMD" "COMPILER=arm-none-eabi-gcc" "ARCHIVER=arm-none-eabi-ar" "COMPILER_FLAGS=  -O2 -c" "EXTRA_COMPILER_FLAGS=-mcpu=cortex-a9 -mfpu=vfpv3 -mfloat-abi=hard -nostartfiles -g -Wall -Wextra"
'\\MAC\Home\Documents\GitHub\Embedded-System-Design-Sp19\bb_PmodAD1\bb_PmodAD1.sdk\bb_PmodAD1_bsp'
CMD.EXE was started with the above path as the current directory.
UNC paths are not supported.  Defaulting to Windows directory.
"Running Make include in ps7_cortexa9_0/libsrc/ddrps_v1_0/src"
make -C ps7_cortexa9_0/libsrc/ddrps_v1_0/src -s include  "SHELL=CMD" "COMPILER=arm-none-eabi-gcc" "ARCHIVER=arm-none-eabi-ar" "COMPILER_FLAGS=  -O2 -c" "EXTRA_COMPILER_FLAGS=-mcpu=cortex-a9 -mfpu=vfpv3 -mfloat-abi=hard -nostartfiles -g -Wall -Wextra"
'\\MAC\Home\Documents\GitHub\Embedded-System-Design-Sp19\bb_PmodAD1\bb_PmodAD1.sdk\bb_PmodAD1_bsp'
CMD.EXE was started with the above path as the current directory.
UNC paths are not supported.  Defaulting to Windows directory.
"Running Make include in ps7_cortexa9_0/libsrc/qspips_v3_5/src"
make -C ps7_cortexa9_0/libsrc/qspips_v3_5/src -s include  "SHELL=CMD" "COMPILER=arm-none-eabi-gcc" "ARCHIVER=arm-none-eabi-ar" "COMPILER_FLAGS=  -O2 -c" "EXTRA_COMPILER_FLAGS=-mcpu=cortex-a9 -mfpu=vfpv3 -mfloat-abi=hard -nostartfiles -g -Wall -Wextra"
'\\MAC\Home\Documents\GitHub\Embedded-System-Design-Sp19\bb_PmodAD1\bb_PmodAD1.sdk\bb_PmodAD1_bsp'
CMD.EXE was started with the above path as the current directory.
UNC paths are not supported.  Defaulting to Windows directory.
"Running Make include in ps7_cortexa9_0/libsrc/dmaps_v2_4/src"
make -C ps7_cortexa9_0/libsrc/dmaps_v2_4/src -s include  "SHELL=CMD" "COMPILER=arm-none-eabi-gcc" "ARCHIVER=arm-none-eabi-ar" "COMPILER_FLAGS=  -O2 -c" "EXTRA_COMPILER_FLAGS=-mcpu=cortex-a9 -mfpu=vfpv3 -mfloat-abi=hard -nostartfiles -g -Wall -Wextra"
'\\MAC\Home\Documents\GitHub\Embedded-System-Design-Sp19\bb_PmodAD1\bb_PmodAD1.sdk\bb_PmodAD1_bsp'
CMD.EXE was started with the above path as the current directory.
UNC paths are not supported.  Defaulting to Windows directory.
"Running Make include in ps7_cortexa9_0/libsrc/coresightps_dcc_v1_4/src"
make -C ps7_cortexa9_0/libsrc/coresightps_dcc_v1_4/src -s include  "SHELL=CMD" "COMPILER=arm-none-eabi-gcc" "ARCHIVER=arm-none-eabi-ar" "COMPILER_FLAGS=  -O2 -c" "EXTRA_COMPILER_FLAGS=-mcpu=cortex-a9 -mfpu=vfpv3 -mfloat-abi=hard -nostartfiles -g -Wall -Wextra"
'\\MAC\Home\Documents\GitHub\Embedded-System-Design-Sp19\bb_PmodAD1\bb_PmodAD1.sdk\bb_PmodAD1_bsp'
CMD.EXE was started with the above path as the current directory.
UNC paths are not supported.  Defaulting to Windows directory.
"Running Make libs in ps7_cortexa9_0/libsrc/uartps_v3_7/src"
make -C ps7_cortexa9_0/libsrc/uartps_v3_7/src -s libs  "SHELL=CMD" "COMPILER=arm-none-eabi-gcc" "ARCHIVER=arm-none-eabi-ar" "COMPILER_FLAGS=  -O2 -c" "EXTRA_COMPILER_FLAGS=-mcpu=cortex-a9 -mfpu=vfpv3 -mfloat-abi=hard -nostartfiles -g -Wall -Wextra"
'\\MAC\Home\Documents\GitHub\Embedded-System-Design-Sp19\bb_PmodAD1\bb_PmodAD1.sdk\bb_PmodAD1_bsp\ps7_cortexa9_0\libsrc\uartps_v3_7\src'
CMD.EXE was started with the above path as the current directory.
UNC paths are not supported.  Defaulting to Windows directory.
"Compiling uartps"
'\\MAC\Home\Documents\GitHub\Embedded-System-Design-Sp19\bb_PmodAD1\bb_PmodAD1.sdk\bb_PmodAD1_bsp'
CMD.EXE was started with the above path as the current directory.
UNC paths are not supported.  Defaulting to Windows directory.
"Running Make libs in ps7_cortexa9_0/libsrc/PmodAD1_v1_0/src"
make -C ps7_cortexa9_0/libsrc/PmodAD1_v1_0/src -s libs  "SHELL=CMD" "COMPILER=arm-none-eabi-gcc" "ARCHIVER=arm-none-eabi-ar" "COMPILER_FLAGS=  -O2 -c" "EXTRA_COMPILER_FLAGS=-mcpu=cortex-a9 -mfpu=vfpv3 -mfloat-abi=hard -nostartfiles -g -Wall -Wextra"
'\\MAC\Home\Documents\GitHub\Embedded-System-Design-Sp19\bb_PmodAD1\bb_PmodAD1.sdk\bb_PmodAD1_bsp\ps7_cortexa9_0\libsrc\PmodAD1_v1_0\src'
CMD.EXE was started with the above path as the current directory.
UNC paths are not supported.  Defaulting to Windows directory.
"Compiling PmodAD1..."
'\\MAC\Home\Documents\GitHub\Embedded-System-Design-Sp19\bb_PmodAD1\bb_PmodAD1.sdk\bb_PmodAD1_bsp'
CMD.EXE was started with the above path as the current directory.
UNC paths are not supported.  Defaulting to Windows directory.
"Running Make libs in ps7_cortexa9_0/libsrc/devcfg_v3_5/src"
make -C ps7_cortexa9_0/libsrc/devcfg_v3_5/src -s libs  "SHELL=CMD" "COMPILER=arm-none-eabi-gcc" "ARCHIVER=arm-none-eabi-ar" "COMPILER_FLAGS=  -O2 -c" "EXTRA_COMPILER_FLAGS=-mcpu=cortex-a9 -mfpu=vfpv3 -mfloat-abi=hard -nostartfiles -g -Wall -Wextra"
'\\MAC\Home\Documents\GitHub\Embedded-System-Design-Sp19\bb_PmodAD1\bb_PmodAD1.sdk\bb_PmodAD1_bsp\ps7_cortexa9_0\libsrc\devcfg_v3_5\src'
CMD.EXE was started with the above path as the current directory.
UNC paths are not supported.  Defaulting to Windows directory.
"Compiling devcfg"
'\\MAC\Home\Documents\GitHub\Embedded-System-Design-Sp19\bb_PmodAD1\bb_PmodAD1.sdk\bb_PmodAD1_bsp'
CMD.EXE was started with the above path as the current directory.
UNC paths are not supported.  Defaulting to Windows directory.
"Running Make libs in ps7_cortexa9_0/libsrc/scugic_v3_10/src"
make -C ps7_cortexa9_0/libsrc/scugic_v3_10/src -s libs  "SHELL=CMD" "COMPILER=arm-none-eabi-gcc" "ARCHIVER=arm-none-eabi-ar" "COMPILER_FLAGS=  -O2 -c" "EXTRA_COMPILER_FLAGS=-mcpu=cortex-a9 -mfpu=vfpv3 -mfloat-abi=hard -nostartfiles -g -Wall -Wextra"
'\\MAC\Home\Documents\GitHub\Embedded-System-Design-Sp19\bb_PmodAD1\bb_PmodAD1.sdk\bb_PmodAD1_bsp\ps7_cortexa9_0\libsrc\scugic_v3_10\src'
CMD.EXE was started with the above path as the current directory.
UNC paths are not supported.  Defaulting to Windows directory.
"Compiling scugic"
'\\MAC\Home\Documents\GitHub\Embedded-System-Design-Sp19\bb_PmodAD1\bb_PmodAD1.sdk\bb_PmodAD1_bsp'
CMD.EXE was started with the above path as the current directory.
UNC paths are not supported.  Defaulting to Windows directory.
"Running Make libs in ps7_cortexa9_0/libsrc/gpio_v4_3/src"
make -C ps7_cortexa9_0/libsrc/gpio_v4_3/src -s libs  "SHELL=CMD" "COMPILER=arm-none-eabi-gcc" "ARCHIVER=arm-none-eabi-ar" "COMPILER_FLAGS=  -O2 -c" "EXTRA_COMPILER_FLAGS=-mcpu=cortex-a9 -mfpu=vfpv3 -mfloat-abi=hard -nostartfiles -g -Wall -Wextra"
'\\MAC\Home\Documents\GitHub\Embedded-System-Design-Sp19\bb_PmodAD1\bb_PmodAD1.sdk\bb_PmodAD1_bsp\ps7_cortexa9_0\libsrc\gpio_v4_3\src'
CMD.EXE was started with the above path as the current directory.
UNC paths are not supported.  Defaulting to Windows directory.
"Compiling gpio"
'\\MAC\Home\Documents\GitHub\Embedded-System-Design-Sp19\bb_PmodAD1\bb_PmodAD1.sdk\bb_PmodAD1_bsp'
CMD.EXE was started with the above path as the current directory.
UNC paths are not supported.  Defaulting to Windows directory.
"Running Make libs in ps7_cortexa9_0/libsrc/gpiops_v3_4/src"
make -C ps7_cortexa9_0/libsrc/gpiops_v3_4/src -s libs  "SHELL=CMD" "COMPILER=arm-none-eabi-gcc" "ARCHIVER=arm-none-eabi-ar" "COMPILER_FLAGS=  -O2 -c" "EXTRA_COMPILER_FLAGS=-mcpu=cortex-a9 -mfpu=vfpv3 -mfloat-abi=hard -nostartfiles -g -Wall -Wextra"
'\\MAC\Home\Documents\GitHub\Embedded-System-Design-Sp19\bb_PmodAD1\bb_PmodAD1.sdk\bb_PmodAD1_bsp\ps7_cortexa9_0\libsrc\gpiops_v3_4\src'
CMD.EXE was started with the above path as the current directory.
UNC paths are not supported.  Defaulting to Windows directory.
"Compiling gpiops"
'\\MAC\Home\Documents\GitHub\Embedded-System-Design-Sp19\bb_PmodAD1\bb_PmodAD1.sdk\bb_PmodAD1_bsp'
CMD.EXE was started with the above path as the current directory.
UNC paths are not supported.  Defaulting to Windows directory.
"Running Make libs in ps7_cortexa9_0/libsrc/cpu_cortexa9_v2_7/src"
make -C ps7_cortexa9_0/libsrc/cpu_cortexa9_v2_7/src -s libs  "SHELL=CMD" "COMPILER=arm-none-eabi-gcc" "ARCHIVER=arm-none-eabi-ar" "COMPILER_FLAGS=  -O2 -c" "EXTRA_COMPILER_FLAGS=-mcpu=cortex-a9 -mfpu=vfpv3 -mfloat-abi=hard -nostartfiles -g -Wall -Wextra"
'\\MAC\Home\Documents\GitHub\Embedded-System-Design-Sp19\bb_PmodAD1\bb_PmodAD1.sdk\bb_PmodAD1_bsp\ps7_cortexa9_0\libsrc\cpu_cortexa9_v2_7\src'
CMD.EXE was started with the above path as the current directory.
UNC paths are not supported.  Defaulting to Windows directory.
"Compiling cpu_cortexa9"
'\\MAC\Home\Documents\GitHub\Embedded-System-Design-Sp19\bb_PmodAD1\bb_PmodAD1.sdk\bb_PmodAD1_bsp'
CMD.EXE was started with the above path as the current directory.
UNC paths are not supported.  Defaulting to Windows directory.
"Running Make libs in ps7_cortexa9_0/libsrc/sdps_v3_6/src"
make -C ps7_cortexa9_0/libsrc/sdps_v3_6/src -s libs  "SHELL=CMD" "COMPILER=arm-none-eabi-gcc" "ARCHIVER=arm-none-eabi-ar" "COMPILER_FLAGS=  -O2 -c" "EXTRA_COMPILER_FLAGS=-mcpu=cortex-a9 -mfpu=vfpv3 -mfloat-abi=hard -nostartfiles -g -Wall -Wextra"
'\\MAC\Home\Documents\GitHub\Embedded-System-Design-Sp19\bb_PmodAD1\bb_PmodAD1.sdk\bb_PmodAD1_bsp\ps7_cortexa9_0\libsrc\sdps_v3_6\src'
CMD.EXE was started with the above path as the current directory.
UNC paths are not supported.  Defaulting to Windows directory.
"Compiling sdps"
'\\MAC\Home\Documents\GitHub\Embedded-System-Design-Sp19\bb_PmodAD1\bb_PmodAD1.sdk\bb_PmodAD1_bsp'
CMD.EXE was started with the above path as the current directory.
UNC paths are not supported.  Defaulting to Windows directory.
"Running Make libs in ps7_cortexa9_0/libsrc/standalone_v6_8/src"
make -C ps7_cortexa9_0/libsrc/standalone_v6_8/src -s libs  "SHELL=CMD" "COMPILER=arm-none-eabi-gcc" "ARCHIVER=arm-none-eabi-ar" "COMPILER_FLAGS=  -O2 -c" "EXTRA_COMPILER_FLAGS=-mcpu=cortex-a9 -mfpu=vfpv3 -mfloat-abi=hard -nostartfiles -g -Wall -Wextra"
'\\MAC\Home\Documents\GitHub\Embedded-System-Design-Sp19\bb_PmodAD1\bb_PmodAD1.sdk\bb_PmodAD1_bsp\ps7_cortexa9_0\libsrc\standalone_v6_8\src'
CMD.EXE was started with the above path as the current directory.
UNC paths are not supported.  Defaulting to Windows directory.
"Compiling standalone"
In file included from usleep.c:56:0:
xtime_l.h:87:9: note: #pragma message: For the sleep routines, Global timer is being used
 #pragma message ("For the sleep routines, Global timer is being used")
         ^~~~~~~
In file included from sleep.c:53:0:
xtime_l.h:87:9: note: #pragma message: For the sleep routines, Global timer is being used
 #pragma message ("For the sleep routines, Global timer is being used")
         ^~~~~~~
In file included from xil_sleeptimer.c:51:0:
xtime_l.h:87:9: note: #pragma message: For the sleep routines, Global timer is being used
 #pragma message ("For the sleep routines, Global timer is being used")
         ^~~~~~~
In file included from xtime_l.c:49:0:
xtime_l.h:87:9: note: #pragma message: For the sleep routines, Global timer is being used
 #pragma message ("For the sleep routines, Global timer is being used")
         ^~~~~~~
'\\MAC\Home\Documents\GitHub\Embedded-System-Design-Sp19\bb_PmodAD1\bb_PmodAD1.sdk\bb_PmodAD1_bsp'
CMD.EXE was started with the above path as the current directory.
UNC paths are not supported.  Defaulting to Windows directory.
"Running Make libs in ps7_cortexa9_0/libsrc/emacps_v3_8/src"
make -C ps7_cortexa9_0/libsrc/emacps_v3_8/src -s libs  "SHELL=CMD" "COMPILER=arm-none-eabi-gcc" "ARCHIVER=arm-none-eabi-ar" "COMPILER_FLAGS=  -O2 -c" "EXTRA_COMPILER_FLAGS=-mcpu=cortex-a9 -mfpu=vfpv3 -mfloat-abi=hard -nostartfiles -g -Wall -Wextra"
'\\MAC\Home\Documents\GitHub\Embedded-System-Design-Sp19\bb_PmodAD1\bb_PmodAD1.sdk\bb_PmodAD1_bsp\ps7_cortexa9_0\libsrc\emacps_v3_8\src'
CMD.EXE was started with the above path as the current directory.
UNC paths are not supported.  Defaulting to Windows directory.
"Compiling emacps"
'\\MAC\Home\Documents\GitHub\Embedded-System-Design-Sp19\bb_PmodAD1\bb_PmodAD1.sdk\bb_PmodAD1_bsp'
CMD.EXE was started with the above path as the current directory.
UNC paths are not supported.  Defaulting to Windows directory.
"Running Make libs in ps7_cortexa9_0/libsrc/ttcps_v3_7/src"
make -C ps7_cortexa9_0/libsrc/ttcps_v3_7/src -s libs  "SHELL=CMD" "COMPILER=arm-none-eabi-gcc" "ARCHIVER=arm-none-eabi-ar" "COMPILER_FLAGS=  -O2 -c" "EXTRA_COMPILER_FLAGS=-mcpu=cortex-a9 -mfpu=vfpv3 -mfloat-abi=hard -nostartfiles -g -Wall -Wextra"
'\\MAC\Home\Documents\GitHub\Embedded-System-Design-Sp19\bb_PmodAD1\bb_PmodAD1.sdk\bb_PmodAD1_bsp\ps7_cortexa9_0\libsrc\ttcps_v3_7\src'
CMD.EXE was started with the above path as the current directory.
UNC paths are not supported.  Defaulting to Windows directory.
"Compiling ttcps"
'\\MAC\Home\Documents\GitHub\Embedded-System-Design-Sp19\bb_PmodAD1\bb_PmodAD1.sdk\bb_PmodAD1_bsp'
CMD.EXE was started with the above path as the current directory.
UNC paths are not supported.  Defaulting to Windows directory.
"Running Make libs in ps7_cortexa9_0/libsrc/scuwdt_v2_1/src"
make -C ps7_cortexa9_0/libsrc/scuwdt_v2_1/src -s libs  "SHELL=CMD" "COMPILER=arm-none-eabi-gcc" "ARCHIVER=arm-none-eabi-ar" "COMPILER_FLAGS=  -O2 -c" "EXTRA_COMPILER_FLAGS=-mcpu=cortex-a9 -mfpu=vfpv3 -mfloat-abi=hard -nostartfiles -g -Wall -Wextra"
'\\MAC\Home\Documents\GitHub\Embedded-System-Design-Sp19\bb_PmodAD1\bb_PmodAD1.sdk\bb_PmodAD1_bsp\ps7_cortexa9_0\libsrc\scuwdt_v2_1\src'
CMD.EXE was started with the above path as the current directory.
UNC paths are not supported.  Defaulting to Windows directory.
"Compiling scuwdt"
'\\MAC\Home\Documents\GitHub\Embedded-System-Design-Sp19\bb_PmodAD1\bb_PmodAD1.sdk\bb_PmodAD1_bsp'
CMD.EXE was started with the above path as the current directory.
UNC paths are not supported.  Defaulting to Windows directory.
"Running Make libs in ps7_cortexa9_0/libsrc/xadcps_v2_3/src"
make -C ps7_cortexa9_0/libsrc/xadcps_v2_3/src -s libs  "SHELL=CMD" "COMPILER=arm-none-eabi-gcc" "ARCHIVER=arm-none-eabi-ar" "COMPILER_FLAGS=  -O2 -c" "EXTRA_COMPILER_FLAGS=-mcpu=cortex-a9 -mfpu=vfpv3 -mfloat-abi=hard -nostartfiles -g -Wall -Wextra"
'\\MAC\Home\Documents\GitHub\Embedded-System-Design-Sp19\bb_PmodAD1\bb_PmodAD1.sdk\bb_PmodAD1_bsp\ps7_cortexa9_0\libsrc\xadcps_v2_3\src'
CMD.EXE was started with the above path as the current directory.
UNC paths are not supported.  Defaulting to Windows directory.
"Compiling xadcps"
'\\MAC\Home\Documents\GitHub\Embedded-System-Design-Sp19\bb_PmodAD1\bb_PmodAD1.sdk\bb_PmodAD1_bsp'
CMD.EXE was started with the above path as the current directory.
UNC paths are not supported.  Defaulting to Windows directory.
"Running Make libs in ps7_cortexa9_0/libsrc/scutimer_v2_1/src"
make -C ps7_cortexa9_0/libsrc/scutimer_v2_1/src -s libs  "SHELL=CMD" "COMPILER=arm-none-eabi-gcc" "ARCHIVER=arm-none-eabi-ar" "COMPILER_FLAGS=  -O2 -c" "EXTRA_COMPILER_FLAGS=-mcpu=cortex-a9 -mfpu=vfpv3 -mfloat-abi=hard -nostartfiles -g -Wall -Wextra"
'\\MAC\Home\Documents\GitHub\Embedded-System-Design-Sp19\bb_PmodAD1\bb_PmodAD1.sdk\bb_PmodAD1_bsp\ps7_cortexa9_0\libsrc\scutimer_v2_1\src'
CMD.EXE was started with the above path as the current directory.
UNC paths are not supported.  Defaulting to Windows directory.
"Compiling scutimer"
'\\MAC\Home\Documents\GitHub\Embedded-System-Design-Sp19\bb_PmodAD1\bb_PmodAD1.sdk\bb_PmodAD1_bsp'
CMD.EXE was started with the above path as the current directory.
UNC paths are not supported.  Defaulting to Windows directory.
"Running Make libs in ps7_cortexa9_0/libsrc/usbps_v2_4/src"
make -C ps7_cortexa9_0/libsrc/usbps_v2_4/src -s libs  "SHELL=CMD" "COMPILER=arm-none-eabi-gcc" "ARCHIVER=arm-none-eabi-ar" "COMPILER_FLAGS=  -O2 -c" "EXTRA_COMPILER_FLAGS=-mcpu=cortex-a9 -mfpu=vfpv3 -mfloat-abi=hard -nostartfiles -g -Wall -Wextra"
'\\MAC\Home\Documents\GitHub\Embedded-System-Design-Sp19\bb_PmodAD1\bb_PmodAD1.sdk\bb_PmodAD1_bsp\ps7_cortexa9_0\libsrc\usbps_v2_4\src'
CMD.EXE was started with the above path as the current directory.
UNC paths are not supported.  Defaulting to Windows directory.
"Compiling usbps"
'\\MAC\Home\Documents\GitHub\Embedded-System-Design-Sp19\bb_PmodAD1\bb_PmodAD1.sdk\bb_PmodAD1_bsp'
CMD.EXE was started with the above path as the current directory.
UNC paths are not supported.  Defaulting to Windows directory.
"Running Make libs in ps7_cortexa9_0/libsrc/ddrps_v1_0/src"
make -C ps7_cortexa9_0/libsrc/ddrps_v1_0/src -s libs  "SHELL=CMD" "COMPILER=arm-none-eabi-gcc" "ARCHIVER=arm-none-eabi-ar" "COMPILER_FLAGS=  -O2 -c" "EXTRA_COMPILER_FLAGS=-mcpu=cortex-a9 -mfpu=vfpv3 -mfloat-abi=hard -nostartfiles -g -Wall -Wextra"
'\\MAC\Home\Documents\GitHub\Embedded-System-Design-Sp19\bb_PmodAD1\bb_PmodAD1.sdk\bb_PmodAD1_bsp\ps7_cortexa9_0\libsrc\ddrps_v1_0\src'
CMD.EXE was started with the above path as the current directory.
UNC paths are not supported.  Defaulting to Windows directory.
"Compiling ddrps"
'\\MAC\Home\Documents\GitHub\Embedded-System-Design-Sp19\bb_PmodAD1\bb_PmodAD1.sdk\bb_PmodAD1_bsp'
CMD.EXE was started with the above path as the current directory.
UNC paths are not supported.  Defaulting to Windows directory.
"Running Make libs in ps7_cortexa9_0/libsrc/qspips_v3_5/src"
make -C ps7_cortexa9_0/libsrc/qspips_v3_5/src -s libs  "SHELL=CMD" "COMPILER=arm-none-eabi-gcc" "ARCHIVER=arm-none-eabi-ar" "COMPILER_FLAGS=  -O2 -c" "EXTRA_COMPILER_FLAGS=-mcpu=cortex-a9 -mfpu=vfpv3 -mfloat-abi=hard -nostartfiles -g -Wall -Wextra"
'\\MAC\Home\Documents\GitHub\Embedded-System-Design-Sp19\bb_PmodAD1\bb_PmodAD1.sdk\bb_PmodAD1_bsp\ps7_cortexa9_0\libsrc\qspips_v3_5\src'
CMD.EXE was started with the above path as the current directory.
UNC paths are not supported.  Defaulting to Windows directory.
"Compiling qspips"
'\\MAC\Home\Documents\GitHub\Embedded-System-Design-Sp19\bb_PmodAD1\bb_PmodAD1.sdk\bb_PmodAD1_bsp'
CMD.EXE was started with the above path as the current directory.
UNC paths are not supported.  Defaulting to Windows directory.
"Running Make libs in ps7_cortexa9_0/libsrc/dmaps_v2_4/src"
make -C ps7_cortexa9_0/libsrc/dmaps_v2_4/src -s libs  "SHELL=CMD" "COMPILER=arm-none-eabi-gcc" "ARCHIVER=arm-none-eabi-ar" "COMPILER_FLAGS=  -O2 -c" "EXTRA_COMPILER_FLAGS=-mcpu=cortex-a9 -mfpu=vfpv3 -mfloat-abi=hard -nostartfiles -g -Wall -Wextra"
'\\MAC\Home\Documents\GitHub\Embedded-System-Design-Sp19\bb_PmodAD1\bb_PmodAD1.sdk\bb_PmodAD1_bsp\ps7_cortexa9_0\libsrc\dmaps_v2_4\src'
CMD.EXE was started with the above path as the current directory.
UNC paths are not supported.  Defaulting to Windows directory.
"Compiling dmaps"
'\\MAC\Home\Documents\GitHub\Embedded-System-Design-Sp19\bb_PmodAD1\bb_PmodAD1.sdk\bb_PmodAD1_bsp'
CMD.EXE was started with the above path as the current directory.
UNC paths are not supported.  Defaulting to Windows directory.
"Running Make libs in ps7_cortexa9_0/libsrc/coresightps_dcc_v1_4/src"
make -C ps7_cortexa9_0/libsrc/coresightps_dcc_v1_4/src -s libs  "SHELL=CMD" "COMPILER=arm-none-eabi-gcc" "ARCHIVER=arm-none-eabi-ar" "COMPILER_FLAGS=  -O2 -c" "EXTRA_COMPILER_FLAGS=-mcpu=cortex-a9 -mfpu=vfpv3 -mfloat-abi=hard -nostartfiles -g -Wall -Wextra"
'\\MAC\Home\Documents\GitHub\Embedded-System-Design-Sp19\bb_PmodAD1\bb_PmodAD1.sdk\bb_PmodAD1_bsp\ps7_cortexa9_0\libsrc\coresightps_dcc_v1_4\src'
CMD.EXE was started with the above path as the current directory.
UNC paths are not supported.  Defaulting to Windows directory.
"Compiling coresightps_dcc"
'\\MAC\Home\Documents\GitHub\Embedded-System-Design-Sp19\bb_PmodAD1\bb_PmodAD1.sdk\bb_PmodAD1_bsp'
CMD.EXE was started with the above path as the current directory.
UNC paths are not supported.  Defaulting to Windows directory.
'Finished building libraries'

15:11:59 Build Finished (took 35s.595ms)

